#
# A fatal error has been detected by the Java Runtime Environment:
#
#  Internal Error (javaClasses.cpp:136), pid=5512, tid=2184
#  fatal error: Invalid layout of preloaded class
#
# JRE version:  (7.0_51-b13) (build )
# Java VM: Java HotSpot(TM) Client VM (24.51-b03 mixed mode windows-x86 )
# Failed to write core dump. Minidumps are not enabled by default on client versions of Windows
#
# If you would like to submit a bug report, please visit:
#   http://bugreport.sun.com/bugreport/crash.jsp
#

---------------  T H R E A D  ---------------

Current thread (0x01bfc400):  JavaThread "Unknown thread" [_thread_in_vm, id=2184, stack(0x00290000,0x002e0000)]

Stack: [0x00290000,0x002e0000],  sp=0x002df954,  free space=318k
Native frames: (J=compiled Java code, j=interpreted, Vv=VM code, C=native code)
V  [jvm.dll+0x18e0f1]
V  [jvm.dll+0x187e66]
V  [jvm.dll+0x3586a]
V  [jvm.dll+0x358f6]
V  [jvm.dll+0x4400d]
V  [jvm.dll+0x442be]
V  [jvm.dll+0x9263a]
V  [jvm.dll+0x929eb]
V  [jvm.dll+0x13dc51]
V  [jvm.dll+0x16076c]
V  [jvm.dll+0xc8ebf]
C  [javaw.exe+0x13ce]
C  [javaw.exe+0x1e40]
C  [javaw.exe+0xa5b1]
C  [javaw.exe+0xa63b]
C  [kernel32.dll+0x44911]
C  [ntdll.dll+0x3e4b6]
C  [ntdll.dll+0x3e489]


---------------  P R O C E S S  ---------------

Java Threads: ( => current thread )

Other Threads:

=>0x01bfc400 (exited) JavaThread "Unknown thread" [_thread_in_vm, id=2184, stack(0x00290000,0x002e0000)]

VM state:not at safepoint (not fully initialized)

VM Mutex/Monitor currently owned by a thread: None

GC Heap History (0 events):
No events

Deoptimization events (0 events):
No events

Internal exceptions (0 events):
No events

Events (10 events):
Event: 0.018 loading class 0x01e2c9e8 done
Event: 0.018 loading class 0x01e2c478 done
Event: 0.018 loading class 0x01e2c458
Event: 0.019 loading class 0x01e33780
Event: 0.019 loading class 0x01e33780 done
Event: 0.019 loading class 0x01e337b0
Event: 0.019 loading class 0x01e337b0 done
Event: 0.019 loading class 0x01e337e0
Event: 0.019 loading class 0x01e337e0 done
Event: 0.019 loading class 0x01e2c458 done


Dynamic libraries:
0x00e90000 - 0x00ebf000 	C:\Program Files\Java\jdk1.7.0_51\bin\javaw.exe
0x77770000 - 0x77897000 	C:\Windows\system32\ntdll.dll
0x77690000 - 0x7776b000 	C:\Windows\system32\kernel32.dll
0x75ff0000 - 0x760b6000 	C:\Windows\system32\ADVAPI32.dll
0x76300000 - 0x763c3000 	C:\Windows\system32\RPCRT4.dll
0x769b0000 - 0x76a4d000 	C:\Windows\system32\USER32.dll
0x778d0000 - 0x7791b000 	C:\Windows\system32\GDI32.dll
0x74fd0000 - 0x7516e000 	C:\Windows\WinSxS\x86_microsoft.windows.common-controls_6595b64144ccf1df_6.0.6001.18000_none_5cdbaa5a083979cc\COMCTL32.dll
0x76160000 - 0x7620a000 	C:\Windows\system32\msvcrt.dll
0x762a0000 - 0x762f8000 	C:\Windows\system32\SHLWAPI.dll
0x77930000 - 0x7794e000 	C:\Windows\system32\IMM32.DLL
0x76420000 - 0x764e8000 	C:\Windows\system32\MSCTF.dll
0x760c0000 - 0x760c9000 	C:\Windows\system32\LPK.DLL
0x77950000 - 0x779cd000 	C:\Windows\system32\USP10.dll
0x68410000 - 0x684cf000 	C:\Program Files\Java\jdk1.7.0_51\jre\bin\msvcr100.dll
0x68a50000 - 0x68dd0000 	C:\Program Files\Java\jdk1.7.0_51\jre\bin\client\jvm.dll
0x73500000 - 0x73507000 	C:\Windows\system32\WSOCK32.dll
0x778a0000 - 0x778cd000 	C:\Windows\system32\WS2_32.dll
0x76290000 - 0x76296000 	C:\Windows\system32\NSI.dll
0x74b10000 - 0x74b42000 	C:\Windows\system32\WINMM.dll
0x76540000 - 0x76684000 	C:\Windows\system32\ole32.dll
0x760d0000 - 0x7615d000 	C:\Windows\system32\OLEAUT32.dll
0x74ad0000 - 0x74b09000 	C:\Windows\system32\OLEACC.dll
0x75fe0000 - 0x75fe7000 	C:\Windows\system32\PSAPI.DLL
0x6c770000 - 0x6c77c000 	C:\Program Files\Java\jdk1.7.0_51\jre\bin\verify.dll
0x6c050000 - 0x6c070000 	C:\Program Files\Java\jdk1.7.0_51\jre\bin\java.dll
0x6c030000 - 0x6c043000 	C:\Program Files\Java\jdk1.7.0_51\jre\bin\zip.dll
0x74310000 - 0x743ec000 	C:\Windows\system32\dbghelp.dll

VM Arguments:
jvm_args: -Dfile.encoding=utf-8 -Xbootclasspath:D:\adt-bundle-windows-x86-20131030\sdk\platforms\android-18\android.jar;D:\adt-bundle-windows-x86-20131030\sdk\add-ons\addon-google_apis-google-18\libs\effects.jar;D:\adt-bundle-windows-x86-20131030\sdk\add-ons\addon-google_apis-google-18\libs\usb.jar;D:\adt-bundle-windows-x86-20131030\sdk\add-ons\addon-google_apis-google-18\libs\maps.jar 
java_command: org.eclipse.jdt.internal.junit.runner.RemoteTestRunner -version 3 -port 52314 -testLoaderClass org.eclipse.jdt.internal.junit4.runner.JUnit4TestLoader -loaderpluginname org.eclipse.jdt.junit4.runtime -classNames com.helloword.unitTest.HttpLinkerTest
Launcher Type: SUN_STANDARD

Environment Variables:
JAVA_HOME=C:\program files\Java\jdk1.7.0_51
CLASSPATH=.;C:\program files\Java\jdk1.7.0_51\lib;C:\program files\Java\jdk1.7.0_51\lib\dt.jar;C:\program files\Java\jdk1.7.0_51\lib\tools.jar;D:\apache-tomcat-7.0.50\BIN
PATH=C:/program files/Java/jdk1.7.0_51/bin/../jre/bin/client;C:/program files/Java/jdk1.7.0_51/bin/../jre/bin;C:/program files/Java/jdk1.7.0_51/bin/../jre/lib/i386;C:\program files\Java\jdk1.7.0_51\bin;C:\program files\Java\jdk1.7.0_51\jre\bin;C:\Windows\system32;C:\Windows;C:\Windows\System32\Wbem;C:\Program Files\Git\cmd;C:\Users\Doggy\AppData\Local\Kingsoft\WPS Office\9.1.0.4468\office6;D:\adt-bundle-windows-x86-20131030\eclipse;
USERNAME=Doggy
OS=Windows_NT
PROCESSOR_IDENTIFIER=x86 Family 6 Model 23 Stepping 10, GenuineIntel



---------------  S Y S T E M  ---------------

OS: Windows Vista Build 6001 Service Pack 1

CPU:total 2 (2 cores per cpu, 1 threads per core) family 6 model 23 stepping 10, cmov, cx8, fxsr, mmx, sse, sse2, sse3, ssse3, tsc

Memory: 4k page, physical 3667068k(1215776k free), swap 7534592k(4847460k free)

vm_info: Java HotSpot(TM) Client VM (24.51-b03) for windows-x86 JRE (1.7.0_51-b13), built on Dec 18 2013 19:09:58 by "java_re" with unknown MS VC++:1600

time: Sat Feb 15 18:06:59 2014
elapsed time: 0 seconds

