#
# A fatal error has been detected by the Java Runtime Environment:
#
#  Internal Error (javaClasses.cpp:136), pid=5208, tid=768
#  fatal error: Invalid layout of preloaded class
#
# JRE version:  (7.0_51-b13) (build )
# Java VM: Java HotSpot(TM) Client VM (24.51-b03 mixed mode windows-x86 )
# Failed to write core dump. Minidumps are not enabled by default on client versions of Windows
#
# If you would like to submit a bug report, please visit:
#   http://bugreport.sun.com/bugreport/crash.jsp
#

---------------  T H R E A D  ---------------

Current thread (0x00d8c000):  JavaThread "Unknown thread" [_thread_in_vm, id=768, stack(0x00fb0000,0x01000000)]

Stack: [0x00fb0000,0x01000000],  sp=0x00fff824,  free space=318k
Native frames: (J=compiled Java code, j=interpreted, Vv=VM code, C=native code)
V  [jvm.dll+0x18e0f1]
V  [jvm.dll+0x187e66]
V  [jvm.dll+0x3586a]
V  [jvm.dll+0x358f6]
V  [jvm.dll+0x4400d]
V  [jvm.dll+0x442be]
V  [jvm.dll+0x9263a]
V  [jvm.dll+0x929eb]
V  [jvm.dll+0x13dc51]
V  [jvm.dll+0x16076c]
V  [jvm.dll+0xc8ebf]
C  [javaw.exe+0x13ce]
C  [javaw.exe+0x1e40]
C  [javaw.exe+0xa5b1]
C  [javaw.exe+0xa63b]
C  [kernel32.dll+0x44911]
C  [ntdll.dll+0x3e4b6]
C  [ntdll.dll+0x3e489]


---------------  P R O C E S S  ---------------

Java Threads: ( => current thread )

Other Threads:

=>0x00d8c000 (exited) JavaThread "Unknown thread" [_thread_in_vm, id=768, stack(0x00fb0000,0x01000000)]

VM state:not at safepoint (not fully initialized)

VM Mutex/Monitor currently owned by a thread: None

GC Heap History (0 events):
No events

Deoptimization events (0 events):
No events

Internal exceptions (0 events):
No events

Events (10 events):
Event: 0.552 loading class 0x00c9c658 done
Event: 0.583 loading class 0x00c9c0e8 done
Event: 0.583 loading class 0x00c9c0c8
Event: 0.583 loading class 0x00ca33f0
Event: 0.584 loading class 0x00ca33f0 done
Event: 0.584 loading class 0x00ca3420
Event: 0.584 loading class 0x00ca3420 done
Event: 0.584 loading class 0x00ca3450
Event: 0.584 loading class 0x00ca3450 done
Event: 0.584 loading class 0x00c9c0c8 done


Dynamic libraries:
0x01240000 - 0x0126f000 	C:\Program Files\Java\jdk1.7.0_51\bin\javaw.exe
0x77420000 - 0x77547000 	C:\Windows\system32\ntdll.dll
0x76ff0000 - 0x770cb000 	C:\Windows\system32\kernel32.dll
0x770d0000 - 0x77196000 	C:\Windows\system32\ADVAPI32.dll
0x77350000 - 0x77413000 	C:\Windows\system32\RPCRT4.dll
0x76f50000 - 0x76fed000 	C:\Windows\system32\USER32.dll
0x76d60000 - 0x76dab000 	C:\Windows\system32\GDI32.dll
0x74ec0000 - 0x7505e000 	C:\Windows\WinSxS\x86_microsoft.windows.common-controls_6595b64144ccf1df_6.0.6001.18000_none_5cdbaa5a083979cc\COMCTL32.dll
0x75fd0000 - 0x7607a000 	C:\Windows\system32\msvcrt.dll
0x76ef0000 - 0x76f48000 	C:\Windows\system32\SHLWAPI.dll
0x75fb0000 - 0x75fce000 	C:\Windows\system32\IMM32.DLL
0x77280000 - 0x77348000 	C:\Windows\system32\MSCTF.dll
0x77550000 - 0x77559000 	C:\Windows\system32\LPK.DLL
0x76de0000 - 0x76e5d000 	C:\Windows\system32\USP10.dll
0x6aeb0000 - 0x6af6f000 	C:\Program Files\Java\jdk1.7.0_51\jre\bin\msvcr100.dll
0x67160000 - 0x674e0000 	C:\Program Files\Java\jdk1.7.0_51\jre\bin\client\jvm.dll
0x723a0000 - 0x723a7000 	C:\Windows\system32\WSOCK32.dll
0x76db0000 - 0x76ddd000 	C:\Windows\system32\WS2_32.dll
0x75ca0000 - 0x75ca6000 	C:\Windows\system32\NSI.dll
0x74690000 - 0x746c2000 	C:\Windows\system32\WINMM.dll
0x75e60000 - 0x75fa4000 	C:\Windows\system32\ole32.dll
0x771f0000 - 0x7727d000 	C:\Windows\system32\OLEAUT32.dll
0x752d0000 - 0x75309000 	C:\Windows\system32\OLEACC.dll
0x75c00000 - 0x75c07000 	C:\Windows\system32\PSAPI.DLL
0x75340000 - 0x7534c000 	C:\Program Files\Java\jdk1.7.0_51\jre\bin\verify.dll
0x6b930000 - 0x6b950000 	C:\Program Files\Java\jdk1.7.0_51\jre\bin\java.dll
0x6b950000 - 0x6b963000 	C:\Program Files\Java\jdk1.7.0_51\jre\bin\zip.dll
0x74140000 - 0x7421c000 	C:\Windows\system32\dbghelp.dll

VM Arguments:
jvm_args: -Dfile.encoding=utf-8 -Xbootclasspath:D:\adt-bundle-windows-x86-20131030\sdk\platforms\android-18\android.jar;D:\adt-bundle-windows-x86-20131030\sdk\add-ons\addon-google_apis-google-18\libs\effects.jar;D:\adt-bundle-windows-x86-20131030\sdk\add-ons\addon-google_apis-google-18\libs\usb.jar;D:\adt-bundle-windows-x86-20131030\sdk\add-ons\addon-google_apis-google-18\libs\maps.jar 
java_command: org.eclipse.jdt.internal.junit.runner.RemoteTestRunner -version 3 -port 60691 -testLoaderClass org.eclipse.jdt.internal.junit4.runner.JUnit4TestLoader -loaderpluginname org.eclipse.jdt.junit4.runtime -classNames com.helloword.unitTest.RequestGsonTest
Launcher Type: SUN_STANDARD

Environment Variables:
PATH=C:/Program Files/Java/jre7/bin/client;C:/Program Files/Java/jre7/bin;C:/Program Files/Java/jre7/lib/i386;C:\Windows\system32;C:\Windows;C:\Windows\System32\Wbem;C:\Program Files\Git\cmd;D:\adt-bundle-windows-x86-20131030\eclipse;
USERNAME=Doggy
OS=Windows_NT
PROCESSOR_IDENTIFIER=x86 Family 6 Model 23 Stepping 10, GenuineIntel



---------------  S Y S T E M  ---------------

OS: Windows Vista Build 6001 Service Pack 1

CPU:total 2 (2 cores per cpu, 1 threads per core) family 6 model 23 stepping 10, cmov, cx8, fxsr, mmx, sse, sse2, sse3, ssse3, tsc

Memory: 4k page, physical 3667068k(1642712k free), swap 7536636k(5548664k free)

vm_info: Java HotSpot(TM) Client VM (24.51-b03) for windows-x86 JRE (1.7.0_51-b13), built on Dec 18 2013 19:09:58 by "java_re" with unknown MS VC++:1600

time: Mon Feb 10 21:26:31 2014
elapsed time: 0 seconds

