#
# A fatal error has been detected by the Java Runtime Environment:
#
#  Internal Error (javaClasses.cpp:136), pid=4184, tid=3980
#  fatal error: Invalid layout of preloaded class
#
# JRE version:  (7.0_51-b13) (build )
# Java VM: Java HotSpot(TM) Client VM (24.51-b03 mixed mode windows-x86 )
# Failed to write core dump. Minidumps are not enabled by default on client versions of Windows
#
# If you would like to submit a bug report, please visit:
#   http://bugreport.sun.com/bugreport/crash.jsp
#

---------------  T H R E A D  ---------------

Current thread (0x01f2c400):  JavaThread "Unknown thread" [_thread_in_vm, id=3980, stack(0x00d60000,0x00db0000)]

Stack: [0x00d60000,0x00db0000],  sp=0x00daf968,  free space=318k
Native frames: (J=compiled Java code, j=interpreted, Vv=VM code, C=native code)
V  [jvm.dll+0x18e0f1]
V  [jvm.dll+0x187e66]
V  [jvm.dll+0x3586a]
V  [jvm.dll+0x358f6]
V  [jvm.dll+0x4400d]
V  [jvm.dll+0x442be]
V  [jvm.dll+0x9263a]
V  [jvm.dll+0x929eb]
V  [jvm.dll+0x13dc51]
V  [jvm.dll+0x16076c]
V  [jvm.dll+0xc8ebf]
C  [javaw.exe+0x13ce]
C  [javaw.exe+0x1e40]
C  [javaw.exe+0xa5b1]
C  [javaw.exe+0xa63b]
C  [kernel32.dll+0x44911]
C  [ntdll.dll+0x3e4b6]
C  [ntdll.dll+0x3e489]


---------------  P R O C E S S  ---------------

Java Threads: ( => current thread )

Other Threads:

=>0x01f2c400 (exited) JavaThread "Unknown thread" [_thread_in_vm, id=3980, stack(0x00d60000,0x00db0000)]

VM state:not at safepoint (not fully initialized)

VM Mutex/Monitor currently owned by a thread: None

GC Heap History (0 events):
No events

Deoptimization events (0 events):
No events

Internal exceptions (0 events):
No events

Events (10 events):
Event: 0.025 loading class 0x01e4c9e8 done
Event: 0.025 loading class 0x01e4c478 done
Event: 0.025 loading class 0x01e4c458
Event: 0.025 loading class 0x01e53780
Event: 0.025 loading class 0x01e53780 done
Event: 0.025 loading class 0x01e537b0
Event: 0.025 loading class 0x01e537b0 done
Event: 0.025 loading class 0x01e537e0
Event: 0.026 loading class 0x01e537e0 done
Event: 0.026 loading class 0x01e4c458 done


Dynamic libraries:
0x01070000 - 0x0109f000 	C:\Program Files\Java\jdk1.7.0_51\bin\javaw.exe
0x77b90000 - 0x77cb7000 	C:\Windows\system32\ntdll.dll
0x77800000 - 0x778db000 	C:\Windows\system32\kernel32.dll
0x778e0000 - 0x779a6000 	C:\Windows\system32\ADVAPI32.dll
0x77360000 - 0x77423000 	C:\Windows\system32\RPCRT4.dll
0x774a0000 - 0x7753d000 	C:\Windows\system32\USER32.dll
0x76410000 - 0x7645b000 	C:\Windows\system32\GDI32.dll
0x75410000 - 0x755ae000 	C:\Windows\WinSxS\x86_microsoft.windows.common-controls_6595b64144ccf1df_6.0.6001.18000_none_5cdbaa5a083979cc\COMCTL32.dll
0x77040000 - 0x770ea000 	C:\Windows\system32\msvcrt.dll
0x77d10000 - 0x77d68000 	C:\Windows\system32\SHLWAPI.dll
0x77430000 - 0x7744e000 	C:\Windows\system32\IMM32.DLL
0x77280000 - 0x77348000 	C:\Windows\system32\MSCTF.dll
0x77d00000 - 0x77d09000 	C:\Windows\system32\LPK.DLL
0x77540000 - 0x775bd000 	C:\Windows\system32\USP10.dll
0x6a9d0000 - 0x6aa8f000 	C:\Program Files\Java\jdk1.7.0_51\jre\bin\msvcr100.dll
0x6b600000 - 0x6b980000 	C:\Program Files\Java\jdk1.7.0_51\jre\bin\client\jvm.dll
0x730f0000 - 0x730f7000 	C:\Windows\system32\WSOCK32.dll
0x77cc0000 - 0x77ced000 	C:\Windows\system32\WS2_32.dll
0x77350000 - 0x77356000 	C:\Windows\system32\NSI.dll
0x74f10000 - 0x74f42000 	C:\Windows\system32\WINMM.dll
0x77a40000 - 0x77b84000 	C:\Windows\system32\ole32.dll
0x775c0000 - 0x7764d000 	C:\Windows\system32\OLEAUT32.dll
0x74ed0000 - 0x74f09000 	C:\Windows\system32\OLEACC.dll
0x76370000 - 0x76377000 	C:\Windows\system32\PSAPI.DLL
0x74640000 - 0x7464c000 	C:\Program Files\Java\jdk1.7.0_51\jre\bin\verify.dll
0x74600000 - 0x74620000 	C:\Program Files\Java\jdk1.7.0_51\jre\bin\java.dll
0x71340000 - 0x71353000 	C:\Program Files\Java\jdk1.7.0_51\jre\bin\zip.dll
0x74480000 - 0x7455c000 	C:\Windows\system32\dbghelp.dll

VM Arguments:
jvm_args: -Dfile.encoding=utf-8 -Xbootclasspath:D:\adt-bundle-windows-x86-20131030\sdk\platforms\android-18\android.jar;D:\adt-bundle-windows-x86-20131030\sdk\add-ons\addon-google_apis-google-18\libs\effects.jar;D:\adt-bundle-windows-x86-20131030\sdk\add-ons\addon-google_apis-google-18\libs\usb.jar;D:\adt-bundle-windows-x86-20131030\sdk\add-ons\addon-google_apis-google-18\libs\maps.jar 
java_command: org.eclipse.jdt.internal.junit.runner.RemoteTestRunner -version 3 -port 50182 -testLoaderClass org.eclipse.jdt.internal.junit4.runner.JUnit4TestLoader -loaderpluginname org.eclipse.jdt.junit4.runtime -classNames com.helloword.unitTest.GameRequestGsonTest
Launcher Type: SUN_STANDARD

Environment Variables:
JAVA_HOME=C:\program files\Java\jdk1.7.0_51
CLASSPATH=.;C:\program files\Java\jdk1.7.0_51\lib;C:\program files\Java\jdk1.7.0_51\lib\dt.jar;C:\program files\Java\jdk1.7.0_51\lib\tools.jar;D:\apache-tomcat-7.0.50\BIN
PATH=C:/program files/Java/jdk1.7.0_51/bin/../jre/bin/client;C:/program files/Java/jdk1.7.0_51/bin/../jre/bin;C:/program files/Java/jdk1.7.0_51/bin/../jre/lib/i386;C:\program files\Java\jdk1.7.0_51\bin;C:\program files\Java\jdk1.7.0_51\jre\bin;C:\Windows\system32;C:\Windows;C:\Windows\System32\Wbem;C:\Program Files\Git\cmd;C:\Users\Doggy\AppData\Local\Kingsoft\WPS Office\9.1.0.4468\office6;D:\adt-bundle-windows-x86-20131030\eclipse;
USERNAME=Doggy
OS=Windows_NT
PROCESSOR_IDENTIFIER=x86 Family 6 Model 23 Stepping 10, GenuineIntel



---------------  S Y S T E M  ---------------

OS: Windows Vista Build 6001 Service Pack 1

CPU:total 2 (2 cores per cpu, 1 threads per core) family 6 model 23 stepping 10, cmov, cx8, fxsr, mmx, sse, sse2, sse3, ssse3, tsc

Memory: 4k page, physical 3667068k(2131932k free), swap 7542784k(5733384k free)

vm_info: Java HotSpot(TM) Client VM (24.51-b03) for windows-x86 JRE (1.7.0_51-b13), built on Dec 18 2013 19:09:58 by "java_re" with unknown MS VC++:1600

time: Fri Feb 14 22:02:36 2014
elapsed time: 0 seconds

