#
# A fatal error has been detected by the Java Runtime Environment:
#
#  Internal Error (javaClasses.cpp:136), pid=3108, tid=1964
#  fatal error: Invalid layout of preloaded class
#
# JRE version:  (7.0_51-b13) (build )
# Java VM: Java HotSpot(TM) Client VM (24.51-b03 mixed mode windows-x86 )
# Failed to write core dump. Minidumps are not enabled by default on client versions of Windows
#
# If you would like to submit a bug report, please visit:
#   http://bugreport.sun.com/bugreport/crash.jsp
#

---------------  T H R E A D  ---------------

Current thread (0x0083c400):  JavaThread "Unknown thread" [_thread_in_vm, id=1964, stack(0x008c0000,0x00910000)]

Stack: [0x008c0000,0x00910000],  sp=0x0090f680,  free space=317k
Native frames: (J=compiled Java code, j=interpreted, Vv=VM code, C=native code)
V  [jvm.dll+0x18e0f1]
V  [jvm.dll+0x187e66]
V  [jvm.dll+0x3586a]
V  [jvm.dll+0x358f6]
V  [jvm.dll+0x4400d]
V  [jvm.dll+0x442be]
V  [jvm.dll+0x9263a]
V  [jvm.dll+0x929eb]
V  [jvm.dll+0x13dc51]
V  [jvm.dll+0x16076c]
V  [jvm.dll+0xc8ebf]
C  [javaw.exe+0x13ce]
C  [javaw.exe+0x1e40]
C  [javaw.exe+0xa5b1]
C  [javaw.exe+0xa63b]
C  [kernel32.dll+0x44911]
C  [ntdll.dll+0x3e4b6]
C  [ntdll.dll+0x3e489]


---------------  P R O C E S S  ---------------

Java Threads: ( => current thread )

Other Threads:

=>0x0083c400 (exited) JavaThread "Unknown thread" [_thread_in_vm, id=1964, stack(0x008c0000,0x00910000)]

VM state:not at safepoint (not fully initialized)

VM Mutex/Monitor currently owned by a thread: None

GC Heap History (0 events):
No events

Deoptimization events (0 events):
No events

Internal exceptions (0 events):
No events

Events (10 events):
Event: 0.020 loading class 0x00a7c910 done
Event: 0.021 loading class 0x00a7c3a0 done
Event: 0.021 loading class 0x00a7c380
Event: 0.027 loading class 0x00a836a8
Event: 0.027 loading class 0x00a836a8 done
Event: 0.027 loading class 0x00a836d8
Event: 0.027 loading class 0x00a836d8 done
Event: 0.027 loading class 0x00a83708
Event: 0.027 loading class 0x00a83708 done
Event: 0.027 loading class 0x00a7c380 done


Dynamic libraries:
0x00d80000 - 0x00daf000 	C:\Program Files\Java\jdk1.7.0_51\bin\javaw.exe
0x77160000 - 0x77287000 	C:\Windows\system32\ntdll.dll
0x75c50000 - 0x75d2b000 	C:\Windows\system32\kernel32.dll
0x77010000 - 0x770d6000 	C:\Windows\system32\ADVAPI32.dll
0x75dc0000 - 0x75e83000 	C:\Windows\system32\RPCRT4.dll
0x75e90000 - 0x75f2d000 	C:\Windows\system32\USER32.dll
0x75ab0000 - 0x75afb000 	C:\Windows\system32\GDI32.dll
0x74a20000 - 0x74bbe000 	C:\Windows\WinSxS\x86_microsoft.windows.common-controls_6595b64144ccf1df_6.0.6001.18000_none_5cdbaa5a083979cc\COMCTL32.dll
0x76e30000 - 0x76eda000 	C:\Windows\system32\msvcrt.dll
0x77360000 - 0x773b8000 	C:\Windows\system32\SHLWAPI.dll
0x772b0000 - 0x772ce000 	C:\Windows\system32\IMM32.DLL
0x76d60000 - 0x76e28000 	C:\Windows\system32\MSCTF.dll
0x772a0000 - 0x772a9000 	C:\Windows\system32\LPK.DLL
0x772e0000 - 0x7735d000 	C:\Windows\system32\USP10.dll
0x6c190000 - 0x6c24f000 	C:\Program Files\Java\jdk1.7.0_51\jre\bin\msvcr100.dll
0x6b670000 - 0x6b9f0000 	C:\Program Files\Java\jdk1.7.0_51\jre\bin\client\jvm.dll
0x72e30000 - 0x72e37000 	C:\Windows\system32\WSOCK32.dll
0x76000000 - 0x7602d000 	C:\Windows\system32\WS2_32.dll
0x77290000 - 0x77296000 	C:\Windows\system32\NSI.dll
0x74520000 - 0x74552000 	C:\Windows\system32\WINMM.dll
0x75b00000 - 0x75c44000 	C:\Windows\system32\ole32.dll
0x76cd0000 - 0x76d5d000 	C:\Windows\system32\OLEAUT32.dll
0x744e0000 - 0x74519000 	C:\Windows\system32\OLEACC.dll
0x759d0000 - 0x759d7000 	C:\Windows\system32\PSAPI.DLL
0x737b0000 - 0x737bc000 	C:\Program Files\Java\jdk1.7.0_51\jre\bin\verify.dll
0x6ddd0000 - 0x6ddf0000 	C:\Program Files\Java\jdk1.7.0_51\jre\bin\java.dll
0x6c570000 - 0x6c583000 	C:\Program Files\Java\jdk1.7.0_51\jre\bin\zip.dll
0x73f10000 - 0x73fec000 	C:\Windows\system32\dbghelp.dll

VM Arguments:
jvm_args: -Dfile.encoding=utf-8 -Xbootclasspath:D:\adt-bundle-windows-x86-20131030\sdk\platforms\android-18\android.jar;D:\adt-bundle-windows-x86-20131030\sdk\add-ons\addon-google_apis-google-18\libs\effects.jar;D:\adt-bundle-windows-x86-20131030\sdk\add-ons\addon-google_apis-google-18\libs\usb.jar;D:\adt-bundle-windows-x86-20131030\sdk\add-ons\addon-google_apis-google-18\libs\maps.jar 
java_command: org.eclipse.jdt.internal.junit.runner.RemoteTestRunner -version 3 -port 51631 -testLoaderClass org.eclipse.jdt.internal.junit4.runner.JUnit4TestLoader -loaderpluginname org.eclipse.jdt.junit4.runtime -classNames com.helloword.unitTest.HttpLinkerTest
Launcher Type: SUN_STANDARD

Environment Variables:
JAVA_HOME=C:\program files\Java\jdk1.7.0_51
CLASSPATH=.;C:\program files\Java\jdk1.7.0_51\lib;C:\program files\Java\jdk1.7.0_51\lib\dt.jar;C:\program files\Java\jdk1.7.0_51\lib\tools.jar;D:\apache-tomcat-7.0.50\BIN
PATH=C:/program files/Java/jdk1.7.0_51/bin/../jre/bin/client;C:/program files/Java/jdk1.7.0_51/bin/../jre/bin;C:/program files/Java/jdk1.7.0_51/bin/../jre/lib/i386;C:\program files\Java\jdk1.7.0_51\bin;C:\program files\Java\jdk1.7.0_51\jre\bin;C:\Windows\system32;C:\Windows;C:\Windows\System32\Wbem;C:\Program Files\Git\cmd;D:\adt-bundle-windows-x86-20131030\eclipse;
USERNAME=Doggy
OS=Windows_NT
PROCESSOR_IDENTIFIER=x86 Family 6 Model 23 Stepping 10, GenuineIntel



---------------  S Y S T E M  ---------------

OS: Windows Vista Build 6001 Service Pack 1

CPU:total 2 (2 cores per cpu, 1 threads per core) family 6 model 23 stepping 10, cmov, cx8, fxsr, mmx, sse, sse2, sse3, ssse3, tsc

Memory: 4k page, physical 3667068k(2217372k free), swap 7532544k(6071172k free)

vm_info: Java HotSpot(TM) Client VM (24.51-b03) for windows-x86 JRE (1.7.0_51-b13), built on Dec 18 2013 19:09:58 by "java_re" with unknown MS VC++:1600

time: Thu Feb 13 23:27:53 2014
elapsed time: 0 seconds

